<?xml version="1.0" encoding="UTF-8"?>
<!-- Generated by org.testng.reporters.JUnitReportReporter -->
<testsuite skipped="0" hostname="DESKTOP-0VKQUJV" name="com.test.Demo" tests="1" failures="0" timestamp="2019-11-14T12:37:13 IST" time="0.036" errors="0">
  <testcase name="test" time="0.036" classname="com.test.Demo"/>
</testsuite> <!-- com.test.Demo -->
